android/app/build/intermediates/manifest_merge_blame_file/debug/processDebugMainManifest/manifest-merger-blame-debug-report.txt
1<?xml version="1.0" encoding="utf-8"?>
2<manifest xmlns:android="http://schemas.android.com/apk/res/android"
3    package="com.burnoutairsoft.burnoutgames"
4    android:versionCode="1"
5    android:versionName="1.0.0" >
6
7    <uses-sdk
8        android:minSdkVersion="23"
9        android:targetSdkVersion="35" />
10
11    <application
11-->src\main\AndroidManifest.xml:4:5-20:19
12        android:allowBackup="true"
12-->src\main\AndroidManifest.xml:5:9-35
13        android:debuggable="true"
14        android:extractNativeLibs="false"
15        android:icon="@drawable/logo_burnout"
15-->src\main\AndroidManifest.xml:6:9-46
16        android:label="@string/app_name"
16-->src\main\AndroidManifest.xml:7:9-41
17        android:resizeableActivity="true"
17-->src\main\AndroidManifest.xml:8:9-42
18        android:supportsRtl="true"
18-->src\main\AndroidManifest.xml:9:9-35
19        android:theme="@style/AppTheme" >
19-->src\main\AndroidManifest.xml:10:9-40
20        <activity
20-->src\main\AndroidManifest.xml:11:9-19:20
21            android:name="com.burnoutairsoft.burnoutgames.MainActivity"
21-->src\main\AndroidManifest.xml:12:13-41
22            android:configChanges="keyboardHidden|orientation|screenSize"
22-->src\main\AndroidManifest.xml:13:13-74
23            android:exported="true" >
23-->src\main\AndroidManifest.xml:14:13-36
24            <intent-filter>
24-->src\main\AndroidManifest.xml:15:13-18:29
25                <action android:name="android.intent.action.MAIN" />
25-->src\main\AndroidManifest.xml:16:17-69
25-->src\main\AndroidManifest.xml:16:25-66
26
27                <category android:name="android.intent.category.LAUNCHER" />
27-->src\main\AndroidManifest.xml:17:17-77
27-->src\main\AndroidManifest.xml:17:27-74
28            </intent-filter>
29        </activity>
30    </application>
31
32</manifest>